<?xml version="1.0" encoding="UTF-8"?>
<!-- Generated by org.testng.reporters.JUnitReportReporter -->
<testsuite hostname="DESKTOP-S3RH2I0" name="testng.testngpack2" tests="2" failures="0" timestamp="28 Dec 2018 01:40:06 GMT" time="0.001" errors="0">
  <testcase name="runselenium1" time="0.001" classname="testng.testngpack2"/>
  <testcase name="runselenium" time="0.000" classname="testng.testngpack2"/>
</testsuite> <!-- testng.testngpack2 -->
