<?xml version="1.0" encoding="UTF-8"?>
<!-- Generated by org.testng.reporters.JUnitReportReporter -->
<testsuite hostname="DESKTOP-S3RH2I0" name="testng.chuTest" tests="2" failures="0" timestamp="27 Dec 2018 03:04:30 GMT" time="0.005" errors="0">
  <testcase name="c7" time="0.000" classname="testng.chuTest"/>
  <testcase name="c10" time="0.005" classname="testng.chuTest"/>
</testsuite> <!-- testng.chuTest -->
