<?xml version="1.0" encoding="UTF-8"?>
<!-- Generated by org.testng.reporters.JUnitReportReporter -->
<testsuite hostname="DESKTOP-S3RH2I0" name="testng.sizeyunsuanTest" tests="5" failures="0" timestamp="27 Dec 2018 07:10:01 GMT" time="0.004" errors="0">
  <testcase name="cheng" time="0.000" classname="testng.sizeyunsuanTest"/>
  <testcase name="add" time="0.003" classname="testng.sizeyunsuanTest"/>
  <testcase name="cheng" time="0.000" classname="testng.sizeyunsuanTest"/>
  <testcase name="cheng" time="0.000" classname="testng.sizeyunsuanTest"/>
  <testcase name="sub" time="0.001" classname="testng.sizeyunsuanTest"/>
</testsuite> <!-- testng.sizeyunsuanTest -->
