<?xml version="1.0" encoding="UTF-8"?>
<!-- Generated by org.testng.reporters.JUnitReportReporter -->
<testsuite hostname="DESKTOP-S3RH2I0" name="testng.testngpack" tests="4" failures="0" timestamp="28 Dec 2018 01:40:06 GMT" time="0.005" errors="0">
  <testcase name="testconnectoracle" time="0.001" classname="testng.testngpack"/>
  <testcase name="runselenium" time="0.003" classname="testng.testngpack"/>
  <testcase name="testconnectmysql" time="0.001" classname="testng.testngpack"/>
  <testcase name="runselenium1" time="0.000" classname="testng.testngpack"/>
</testsuite> <!-- testng.testngpack -->
